<?xml version="1.0" encoding="UTF-8"?>
<!-- Generated by org.testng.reporters.JUnitReportReporter -->
<testsuite hostname="Tutu-PC" name="tests.SellItemsTest" tests="1" failures="1" timestamp="15 May 2016 12:34:15 GMT" time="0.000" errors="0">
  <testcase name="testSellingBooks" time="0.000" classname="tests.SellItemsTest"/>
</testsuite> <!-- tests.SellItemsTest -->
